2025-05-06 19:18:48,096 - INFO - Logger is now active!
2025-05-06 19:18:52,616 - INFO - Recreating database with updated schema...
2025-05-06 19:18:52,846 - INFO - Created backup of existing database at /content/drive/MyDrive/Colab-Notebooks/last-fm-data/data/lastfm_data_backup_20250506_191852.db
2025-05-06 19:18:52,849 - INFO - Deleted existing database: /content/drive/MyDrive/Colab-Notebooks/last-fm-data/data/lastfm_data.db
2025-05-06 19:18:53,309 - INFO - Database successfully recreated with the new schema!
2025-05-06 19:19:21,147 - INFO - Starting Last.fm ETL pipeline
2025-05-06 19:19:21,149 - INFO - Initializing database...
2025-05-06 19:19:21,163 - INFO - Collecting data from Last.fm API...
2025-05-06 19:20:17,572 - INFO - --- Debugging collected_data ---
2025-05-06 19:20:17,573 - INFO - Key: listening_history, Type: <class 'list'>, Length: 10
2025-05-06 19:20:17,574 - INFO - Key: top_artists, Type: <class 'list'>, Length: 19
2025-05-06 19:20:17,575 - INFO - Key: top_albums, Type: <class 'list'>, Length: 20
2025-05-06 19:20:17,576 - INFO - Key: top_tracks, Type: <class 'list'>, Length: 20
2025-05-06 19:20:17,578 - INFO - Key: artists, Type: <class 'list'>, Length: 18
2025-05-06 19:20:17,579 - INFO - Key: albums, Type: <class 'list'>, Length: 18
2025-05-06 19:20:17,580 - INFO -   Example album: {'name': 'Sangue di sbirro (Original Motion Picture Soundtrack)', 'artist': 'Alessandro Alessandroni', 'mbid': '', 'url': 'https://www.last.fm/music/Alessandro+Alessandroni/Sangue+di+sbirro+(Original+Motion+Picture+Soundtrack)', 'image_small': 'https://lastfm.freetls.fastly.net/i/u/34s/c17917dfcda63af7e256e589588cba62.jpg', 'image_medium': 'https://lastfm.freetls.fastly.net/i/u/64s/c17917dfcda63af7e256e589588cba62.jpg', 'image_large': 'https://lastfm.freetls.fastly.net/i/u/174s/c17917dfcda63af7e256e589588cba62.jpg', 'listeners': 63914, 'playcount': 195091}
2025-05-06 19:20:17,581 - INFO -   Example album: {'name': 'Lundi Méchant', 'artist': 'Gaël Faye', 'mbid': '', 'url': 'https://www.last.fm/music/Ga%C3%ABl+Faye/Lundi+M%C3%A9chant', 'image_small': 'https://lastfm.freetls.fastly.net/i/u/34s/fe1f612d8a401ff6695ba13cca79f75c.jpg', 'image_medium': 'https://lastfm.freetls.fastly.net/i/u/64s/fe1f612d8a401ff6695ba13cca79f75c.jpg', 'image_large': 'https://lastfm.freetls.fastly.net/i/u/174s/fe1f612d8a401ff6695ba13cca79f75c.jpg', 'listeners': 48113, 'playcount': 459791}
2025-05-06 19:20:17,582 - INFO - Key: tracks, Type: <class 'list'>, Length: 23
2025-05-06 19:20:17,582 - INFO -   Example track: {'name': 'Bossa Italiana', 'artist': 'Alessandro Alessandroni', 'mbid': 'aba1c641-122f-451e-bc08-db2da136f719', 'url': 'https://www.last.fm/music/Alessandro+Alessandroni/_/Bossa+Italiana', 'duration': 149000, 'listeners': 601, 'playcount': 1586, 'album_name': 'E Il Suo Complesso'}
2025-05-06 19:20:17,584 - INFO -   Example track: {'name': 'Organ Concerto, FP 93: Tempo introduction. Largo', 'artist': 'Francis Poulenc', 'mbid': '', 'url': 'https://www.last.fm/music/Francis+Poulenc/_/Organ+Concerto,+FP+93:+Tempo+introduction.+Largo', 'duration': 0, 'listeners': 96, 'playcount': 183, 'album_name': ''}
2025-05-06 19:20:17,585 - INFO - Key: tags, Type: <class 'list'>, Length: 494
2025-05-06 19:20:17,585 - INFO - Key: artist_tags, Type: <class 'list'>, Length: 702
2025-05-06 19:20:17,586 - INFO - Key: album_tags, Type: <class 'list'>, Length: 30
2025-05-06 19:20:17,587 - INFO - Key: track_tags, Type: <class 'list'>, Length: 4
2025-05-06 19:20:17,588 - INFO - Key: artist_similar, Type: <class 'list'>, Length: 180
2025-05-06 19:20:17,589 - INFO - Key: track_similar, Type: <class 'list'>, Length: 20
2025-05-06 19:20:17,590 - INFO - Inserting collected data into database...
2025-05-06 19:20:17,635 - INFO - Album data about to be inserted: {'name': 'Sangue di sbirro (Original Motion Picture Soundtrack)', 'artist': 'Alessandro Alessandroni', 'mbid': '', 'url': 'https://www.last.fm/music/Alessandro+Alessandroni/Sangue+di+sbirro+(Original+Motion+Picture+Soundtrack)', 'image_small': 'https://lastfm.freetls.fastly.net/i/u/34s/c17917dfcda63af7e256e589588cba62.jpg', 'image_medium': 'https://lastfm.freetls.fastly.net/i/u/64s/c17917dfcda63af7e256e589588cba62.jpg', 'image_large': 'https://lastfm.freetls.fastly.net/i/u/174s/c17917dfcda63af7e256e589588cba62.jpg', 'listeners': 63914, 'playcount': 195091}
2025-05-06 19:20:17,637 - INFO - Album data about to be inserted: {'name': 'Lundi Méchant', 'artist': 'Gaël Faye', 'mbid': '', 'url': 'https://www.last.fm/music/Ga%C3%ABl+Faye/Lundi+M%C3%A9chant', 'image_small': 'https://lastfm.freetls.fastly.net/i/u/34s/fe1f612d8a401ff6695ba13cca79f75c.jpg', 'image_medium': 'https://lastfm.freetls.fastly.net/i/u/64s/fe1f612d8a401ff6695ba13cca79f75c.jpg', 'image_large': 'https://lastfm.freetls.fastly.net/i/u/174s/fe1f612d8a401ff6695ba13cca79f75c.jpg', 'listeners': 48113, 'playcount': 459791}
2025-05-06 19:20:17,639 - INFO - Album data about to be inserted: {'name': 'Mauve Jacaranda', 'artist': 'Gaël Faye', 'mbid': '', 'url': 'https://www.last.fm/music/Ga%C3%ABl+Faye/Mauve+Jacaranda', 'image_small': 'https://lastfm.freetls.fastly.net/i/u/34s/a86bfddb11666d3369167d9528bc48c6.jpg', 'image_medium': 'https://lastfm.freetls.fastly.net/i/u/64s/a86bfddb11666d3369167d9528bc48c6.jpg', 'image_large': 'https://lastfm.freetls.fastly.net/i/u/174s/a86bfddb11666d3369167d9528bc48c6.jpg', 'listeners': 7145, 'playcount': 48689}
2025-05-06 19:20:17,640 - INFO - Album data about to be inserted: {'name': 'Panoramic Feelings (Mellow Carefree Lounge Music)', 'artist': 'Alessandro Alessandroni', 'mbid': '', 'url': 'https://www.last.fm/music/Alessandro+Alessandroni/Panoramic+Feelings+(Mellow+Carefree+Lounge+Music)', 'image_small': 'https://lastfm.freetls.fastly.net/i/u/34s/5ffe94297e3e7d7a2fb621b731ea339d.jpg', 'image_medium': 'https://lastfm.freetls.fastly.net/i/u/64s/5ffe94297e3e7d7a2fb621b731ea339d.jpg', 'image_large': 'https://lastfm.freetls.fastly.net/i/u/174s/5ffe94297e3e7d7a2fb621b731ea339d.jpg', 'listeners': 116992, 'playcount': 697909}
2025-05-06 19:20:17,641 - INFO - Album data about to be inserted: {'name': 'Are We Experimental?', 'artist': 'Acid Mothers Temple & The Melting Paraiso U.F.O.', 'mbid': 'b28486af-8cf8-4cb1-9e12-bc9768227c8c', 'url': 'https://www.last.fm/music/Acid+Mothers+Temple+&+The+Melting+Paraiso+U.F.O./Are+We+Experimental%3F', 'image_small': 'https://lastfm.freetls.fastly.net/i/u/34s/443c217a5914312e00f6b4473197ca83.jpg', 'image_medium': 'https://lastfm.freetls.fastly.net/i/u/64s/443c217a5914312e00f6b4473197ca83.jpg', 'image_large': 'https://lastfm.freetls.fastly.net/i/u/174s/443c217a5914312e00f6b4473197ca83.jpg', 'listeners': 5653, 'playcount': 34164}
2025-05-06 19:20:17,642 - INFO - Album data about to be inserted: {'name': 'Poulenc: Piano Concerto; Concerto For Two Pianos; Organ Concerto', 'artist': 'Francis Poulenc', 'mbid': '', 'url': 'https://www.last.fm/music/Francis+Poulenc/Poulenc:+Piano+Concerto;+Concerto+For+Two+Pianos;+Organ+Concerto', 'image_small': 'https://lastfm.freetls.fastly.net/i/u/34s/598499df4ec320d837cf4263f6eac151.jpg', 'image_medium': 'https://lastfm.freetls.fastly.net/i/u/64s/598499df4ec320d837cf4263f6eac151.jpg', 'image_large': 'https://lastfm.freetls.fastly.net/i/u/174s/598499df4ec320d837cf4263f6eac151.jpg', 'listeners': 789, 'playcount': 4647}
2025-05-06 19:20:17,643 - INFO - Album data about to be inserted: {'name': 'Marée Haute', 'artist': 'Gaël Faye', 'mbid': '', 'url': 'https://www.last.fm/music/Ga%C3%ABl+Faye/Mar%C3%A9e+Haute', 'image_small': 'https://lastfm.freetls.fastly.net/i/u/34s/4c1c65dbe6fe88e8e7063c871bfd45cb.jpg', 'image_medium': 'https://lastfm.freetls.fastly.net/i/u/64s/4c1c65dbe6fe88e8e7063c871bfd45cb.jpg', 'image_large': 'https://lastfm.freetls.fastly.net/i/u/174s/4c1c65dbe6fe88e8e7063c871bfd45cb.jpg', 'listeners': 2463, 'playcount': 9171}
2025-05-06 19:20:17,644 - INFO - Album data about to be inserted: {'name': 'Selected Library Music', 'artist': 'Alessandro Alessandroni', 'mbid': '', 'url': 'https://www.last.fm/music/Alessandro+Alessandroni/Selected+Library+Music', 'image_small': 'https://lastfm.freetls.fastly.net/i/u/34s/f8f014d684d045b7aaddc4d51da94603.jpg', 'image_medium': 'https://lastfm.freetls.fastly.net/i/u/64s/f8f014d684d045b7aaddc4d51da94603.jpg', 'image_large': 'https://lastfm.freetls.fastly.net/i/u/174s/f8f014d684d045b7aaddc4d51da94603.jpg', 'listeners': 49881, 'playcount': 160106}
2025-05-06 19:20:17,645 - INFO - Album data about to be inserted: {'name': 'Platinum Charles Aznavour', 'artist': 'Charles Aznavour', 'mbid': '', 'url': 'https://www.last.fm/music/Charles+Aznavour/Platinum+Charles+Aznavour', 'image_small': 'https://lastfm.freetls.fastly.net/i/u/34s/d1648767ff3f4cc6baf5210a69d96da9.jpg', 'image_medium': 'https://lastfm.freetls.fastly.net/i/u/64s/d1648767ff3f4cc6baf5210a69d96da9.jpg', 'image_large': 'https://lastfm.freetls.fastly.net/i/u/174s/d1648767ff3f4cc6baf5210a69d96da9.jpg', 'listeners': 69103, 'playcount': 502105}
2025-05-06 19:20:17,646 - INFO - Album data about to be inserted: {'name': 'Paesaggio Bellico', 'artist': 'Alessandro Alessandroni', 'mbid': '', 'url': 'https://www.last.fm/music/Alessandro+Alessandroni/Paesaggio+Bellico', 'image_small': 'https://lastfm.freetls.fastly.net/i/u/34s/4bff42ff5b6f8a115e1c46de72191798.jpg', 'image_medium': 'https://lastfm.freetls.fastly.net/i/u/64s/4bff42ff5b6f8a115e1c46de72191798.jpg', 'image_large': 'https://lastfm.freetls.fastly.net/i/u/174s/4bff42ff5b6f8a115e1c46de72191798.jpg', 'listeners': 391, 'playcount': 2325}
2025-05-06 19:20:17,648 - INFO - Album data about to be inserted: {'name': 'Éphémère', 'artist': 'Grand Corps Malade', 'mbid': '3f70a8a2-87a8-4a10-9371-82cca8151c53', 'url': 'https://www.last.fm/music/Grand+Corps+Malade/%C3%89ph%C3%A9m%C3%A8re', 'image_small': 'https://lastfm.freetls.fastly.net/i/u/34s/482c40edea25ac5b8d078490c8e6d1e5.jpg', 'image_medium': 'https://lastfm.freetls.fastly.net/i/u/64s/482c40edea25ac5b8d078490c8e6d1e5.jpg', 'image_large': 'https://lastfm.freetls.fastly.net/i/u/174s/482c40edea25ac5b8d078490c8e6d1e5.jpg', 'listeners': 7438, 'playcount': 94830}
2025-05-06 19:20:17,649 - INFO - Album data about to be inserted: {'name': 'Des fleurs', 'artist': 'Gaël Faye', 'mbid': '', 'url': 'https://www.last.fm/music/Ga%C3%ABl+Faye/Des+fleurs', 'image_small': 'https://lastfm.freetls.fastly.net/i/u/34s/4b8f18f7cab77f3f092d0b51c1adf4a8.jpg', 'image_medium': 'https://lastfm.freetls.fastly.net/i/u/64s/4b8f18f7cab77f3f092d0b51c1adf4a8.jpg', 'image_large': 'https://lastfm.freetls.fastly.net/i/u/174s/4b8f18f7cab77f3f092d0b51c1adf4a8.jpg', 'listeners': 23429, 'playcount': 145951}
2025-05-06 19:20:17,650 - INFO - Album data about to be inserted: {'name': 'Levitation Sessions (Live)', 'artist': 'Acid Mothers Temple', 'mbid': '', 'url': 'https://www.last.fm/music/Acid+Mothers+Temple/Levitation+Sessions+(Live)', 'image_small': 'https://lastfm.freetls.fastly.net/i/u/34s/6ee2cbb17b4953d5f4468925e2569d39.jpg', 'image_medium': 'https://lastfm.freetls.fastly.net/i/u/64s/6ee2cbb17b4953d5f4468925e2569d39.jpg', 'image_large': 'https://lastfm.freetls.fastly.net/i/u/174s/6ee2cbb17b4953d5f4468925e2569d39.jpg', 'listeners': 3866, 'playcount': 18620}
2025-05-06 19:20:17,651 - INFO - Album data about to be inserted: {'name': 'Pili Pili Sur Un Croissant Au Beurre', 'artist': 'Gaël Faye', 'mbid': '', 'url': 'https://www.last.fm/music/Ga%C3%ABl+Faye/Pili+Pili+Sur+Un+Croissant+Au+Beurre', 'image_small': 'https://lastfm.freetls.fastly.net/i/u/34s/9af3bca032474f50a89bab1460e66e88.jpg', 'image_medium': 'https://lastfm.freetls.fastly.net/i/u/64s/9af3bca032474f50a89bab1460e66e88.jpg', 'image_large': 'https://lastfm.freetls.fastly.net/i/u/174s/9af3bca032474f50a89bab1460e66e88.jpg', 'listeners': 14996, 'playcount': 191931}
2025-05-06 19:20:17,652 - INFO - Album data about to be inserted: {'name': 'Rythmes et botanique', 'artist': 'Gaël Faye', 'mbid': '', 'url': 'https://www.last.fm/music/Ga%C3%ABl+Faye/Rythmes+et+botanique', 'image_small': 'https://lastfm.freetls.fastly.net/i/u/34s/feae420cbd784fa055f100218bf5b989.jpg', 'image_medium': 'https://lastfm.freetls.fastly.net/i/u/64s/feae420cbd784fa055f100218bf5b989.jpg', 'image_large': 'https://lastfm.freetls.fastly.net/i/u/174s/feae420cbd784fa055f100218bf5b989.jpg', 'listeners': 21584, 'playcount': 201627}
2025-05-06 19:20:17,653 - INFO - Album data about to be inserted: {'name': 'Poulenc', 'artist': 'Francis Poulenc', 'mbid': '', 'url': 'https://www.last.fm/music/Francis+Poulenc/Poulenc', 'image_small': '', 'image_medium': '', 'image_large': '', 'listeners': 141, 'playcount': 839}
2025-05-06 19:20:17,654 - INFO - Album data about to be inserted: {'name': 'E Il Suo Complesso', 'artist': 'Alessandro Alessandroni', 'mbid': 'a1c096d8-f0d8-4f97-9102-f1e0d0343d5d', 'url': 'https://www.last.fm/music/Alessandro+Alessandroni/E+Il+Suo+Complesso', 'image_small': 'https://lastfm.freetls.fastly.net/i/u/34s/376368e3dfd24be197863e5e2393baba.png', 'image_medium': 'https://lastfm.freetls.fastly.net/i/u/64s/376368e3dfd24be197863e5e2393baba.png', 'image_large': 'https://lastfm.freetls.fastly.net/i/u/174s/376368e3dfd24be197863e5e2393baba.png', 'listeners': 182, 'playcount': 3742}
2025-05-06 19:20:17,655 - INFO - Album data about to be inserted: {'name': 'protégé.e', 'artist': 'Terrenoire', 'mbid': 'c3539d86-1e37-49f3-9442-8142bb18c68f', 'url': 'https://www.last.fm/music/Terrenoire/prot%C3%A9g%C3%A9.e', 'image_small': 'https://lastfm.freetls.fastly.net/i/u/34s/d8b2a0a17703490ef2b7f8ef371a4c16.jpg', 'image_medium': 'https://lastfm.freetls.fastly.net/i/u/64s/d8b2a0a17703490ef2b7f8ef371a4c16.jpg', 'image_large': 'https://lastfm.freetls.fastly.net/i/u/174s/d8b2a0a17703490ef2b7f8ef371a4c16.jpg', 'listeners': 1606, 'playcount': 17261}
2025-05-06 19:20:17,693 - INFO - ETL pipeline completed successfully!
2025-05-06 19:20:17,696 - INFO - Inserted: 18 artists, 18 albums, 23 tracks, 494 tags, 10 listening history records
2025-05-06 19:20:17,727 - INFO - Database backed up to: /content/drive/MyDrive/Colab-Notebooks/last-fm-data/data/data_20250506_192017.db
